2020-07-11 10:09:01,277 [task-1] ERROR com.zaxxer.hikari.pool.HikariPool - HikariPool-1 - Error thrown while acquiring connection from data source
org.postgresql.util.PSQLException: This ResultSet is closed.
	at org.postgresql.jdbc2.AbstractJdbc2ResultSet.checkClosed(AbstractJdbc2ResultSet.java:2839)
	at org.postgresql.jdbc2.AbstractJdbc2ResultSet.setFetchSize(AbstractJdbc2ResultSet.java:1874)
	at org.postgresql.jdbc4.Jdbc4Statement.createResultSet(Jdbc4Statement.java:37)
	at org.postgresql.jdbc2.AbstractJdbc2Statement$StatementResultHandler.handleResultRows(AbstractJdbc2Statement.java:219)
	at org.postgresql.core.v3.QueryExecutorImpl.processResults(QueryExecutorImpl.java:1812)
	at org.postgresql.core.v3.QueryExecutorImpl.execute(QueryExecutorImpl.java:255)
	at org.postgresql.jdbc2.AbstractJdbc2Statement.execute(AbstractJdbc2Statement.java:555)
	at org.postgresql.jdbc2.AbstractJdbc2Statement.executeWithFlags(AbstractJdbc2Statement.java:403)
	at org.postgresql.jdbc2.AbstractJdbc2Connection.execSQLUpdate(AbstractJdbc2Connection.java:366)
	at org.postgresql.jdbc2.AbstractJdbc2Connection.getTransactionIsolation(AbstractJdbc2Connection.java:883)
	at com.zaxxer.hikari.pool.PoolBase.checkDefaultIsolation(PoolBase.java:479)
	at com.zaxxer.hikari.pool.PoolBase.checkDriverSupport(PoolBase.java:442)
	at com.zaxxer.hikari.pool.PoolBase.setupConnection(PoolBase.java:410)
	at com.zaxxer.hikari.pool.PoolBase.newConnection(PoolBase.java:363)
	at com.zaxxer.hikari.pool.PoolBase.newPoolEntry(PoolBase.java:206)
	at com.zaxxer.hikari.pool.HikariPool.createPoolEntry(HikariPool.java:477)
	at com.zaxxer.hikari.pool.HikariPool.checkFailFast(HikariPool.java:560)
	at com.zaxxer.hikari.pool.HikariPool.<init>(HikariPool.java:115)
	at com.zaxxer.hikari.HikariDataSource.getConnection(HikariDataSource.java:112)
	at org.hibernate.engine.jdbc.connections.internal.DatasourceConnectionProviderImpl.getConnection(DatasourceConnectionProviderImpl.java:122)
	at org.hibernate.engine.jdbc.env.internal.JdbcEnvironmentInitiator$ConnectionProviderJdbcConnectionAccess.obtainConnection(JdbcEnvironmentInitiator.java:180)
	at org.hibernate.engine.jdbc.env.internal.JdbcEnvironmentInitiator.initiateService(JdbcEnvironmentInitiator.java:68)
	at org.hibernate.engine.jdbc.env.internal.JdbcEnvironmentInitiator.initiateService(JdbcEnvironmentInitiator.java:35)
	at org.hibernate.boot.registry.internal.StandardServiceRegistryImpl.initiateService(StandardServiceRegistryImpl.java:101)
	at org.hibernate.service.internal.AbstractServiceRegistryImpl.createService(AbstractServiceRegistryImpl.java:263)
	at org.hibernate.service.internal.AbstractServiceRegistryImpl.initializeService(AbstractServiceRegistryImpl.java:237)
	at org.hibernate.service.internal.AbstractServiceRegistryImpl.getService(AbstractServiceRegistryImpl.java:214)
	at org.hibernate.id.factory.internal.DefaultIdentifierGeneratorFactory.injectServices(DefaultIdentifierGeneratorFactory.java:152)
	at org.hibernate.service.internal.AbstractServiceRegistryImpl.injectDependencies(AbstractServiceRegistryImpl.java:286)
	at org.hibernate.service.internal.AbstractServiceRegistryImpl.initializeService(AbstractServiceRegistryImpl.java:243)
	at org.hibernate.service.internal.AbstractServiceRegistryImpl.getService(AbstractServiceRegistryImpl.java:214)
	at org.hibernate.boot.internal.InFlightMetadataCollectorImpl.<init>(InFlightMetadataCollectorImpl.java:176)
	at org.hibernate.boot.model.process.spi.MetadataBuildingProcess.complete(MetadataBuildingProcess.java:118)
	at org.hibernate.jpa.boot.internal.EntityManagerFactoryBuilderImpl.metadata(EntityManagerFactoryBuilderImpl.java:1224)
	at org.hibernate.jpa.boot.internal.EntityManagerFactoryBuilderImpl.build(EntityManagerFactoryBuilderImpl.java:1255)
	at org.springframework.orm.jpa.vendor.SpringHibernateJpaPersistenceProvider.createContainerEntityManagerFactory(SpringHibernateJpaPersistenceProvider.java:58)
	at org.springframework.orm.jpa.LocalContainerEntityManagerFactoryBean.createNativeEntityManagerFactory(LocalContainerEntityManagerFactoryBean.java:365)
	at org.springframework.orm.jpa.AbstractEntityManagerFactoryBean.buildNativeEntityManagerFactory(AbstractEntityManagerFactoryBean.java:391)
	at java.util.concurrent.FutureTask.run(FutureTask.java:266)
	at java.util.concurrent.ThreadPoolExecutor.runWorker(ThreadPoolExecutor.java:1149)
	at java.util.concurrent.ThreadPoolExecutor$Worker.run(ThreadPoolExecutor.java:624)
	at java.lang.Thread.run(Thread.java:748)
2020-07-11 10:09:01,281 [task-1] ERROR com.zaxxer.hikari.pool.HikariPool - HikariPool-1 - Exception during pool initialization.
org.postgresql.util.PSQLException: This ResultSet is closed.
	at org.postgresql.jdbc2.AbstractJdbc2ResultSet.checkClosed(AbstractJdbc2ResultSet.java:2839)
	at org.postgresql.jdbc2.AbstractJdbc2ResultSet.setFetchSize(AbstractJdbc2ResultSet.java:1874)
	at org.postgresql.jdbc4.Jdbc4Statement.createResultSet(Jdbc4Statement.java:37)
	at org.postgresql.jdbc2.AbstractJdbc2Statement$StatementResultHandler.handleResultRows(AbstractJdbc2Statement.java:219)
	at org.postgresql.core.v3.QueryExecutorImpl.processResults(QueryExecutorImpl.java:1812)
	at org.postgresql.core.v3.QueryExecutorImpl.execute(QueryExecutorImpl.java:255)
	at org.postgresql.jdbc2.AbstractJdbc2Statement.execute(AbstractJdbc2Statement.java:555)
	at org.postgresql.jdbc2.AbstractJdbc2Statement.executeWithFlags(AbstractJdbc2Statement.java:403)
	at org.postgresql.jdbc2.AbstractJdbc2Connection.execSQLUpdate(AbstractJdbc2Connection.java:366)
	at org.postgresql.jdbc2.AbstractJdbc2Connection.getTransactionIsolation(AbstractJdbc2Connection.java:883)
	at com.zaxxer.hikari.pool.PoolBase.checkDefaultIsolation(PoolBase.java:479)
	at com.zaxxer.hikari.pool.PoolBase.checkDriverSupport(PoolBase.java:442)
	at com.zaxxer.hikari.pool.PoolBase.setupConnection(PoolBase.java:410)
	at com.zaxxer.hikari.pool.PoolBase.newConnection(PoolBase.java:363)
	at com.zaxxer.hikari.pool.PoolBase.newPoolEntry(PoolBase.java:206)
	at com.zaxxer.hikari.pool.HikariPool.createPoolEntry(HikariPool.java:477)
	at com.zaxxer.hikari.pool.HikariPool.checkFailFast(HikariPool.java:560)
	at com.zaxxer.hikari.pool.HikariPool.<init>(HikariPool.java:115)
	at com.zaxxer.hikari.HikariDataSource.getConnection(HikariDataSource.java:112)
	at org.hibernate.engine.jdbc.connections.internal.DatasourceConnectionProviderImpl.getConnection(DatasourceConnectionProviderImpl.java:122)
	at org.hibernate.engine.jdbc.env.internal.JdbcEnvironmentInitiator$ConnectionProviderJdbcConnectionAccess.obtainConnection(JdbcEnvironmentInitiator.java:180)
	at org.hibernate.engine.jdbc.env.internal.JdbcEnvironmentInitiator.initiateService(JdbcEnvironmentInitiator.java:68)
	at org.hibernate.engine.jdbc.env.internal.JdbcEnvironmentInitiator.initiateService(JdbcEnvironmentInitiator.java:35)
	at org.hibernate.boot.registry.internal.StandardServiceRegistryImpl.initiateService(StandardServiceRegistryImpl.java:101)
	at org.hibernate.service.internal.AbstractServiceRegistryImpl.createService(AbstractServiceRegistryImpl.java:263)
	at org.hibernate.service.internal.AbstractServiceRegistryImpl.initializeService(AbstractServiceRegistryImpl.java:237)
	at org.hibernate.service.internal.AbstractServiceRegistryImpl.getService(AbstractServiceRegistryImpl.java:214)
	at org.hibernate.id.factory.internal.DefaultIdentifierGeneratorFactory.injectServices(DefaultIdentifierGeneratorFactory.java:152)
	at org.hibernate.service.internal.AbstractServiceRegistryImpl.injectDependencies(AbstractServiceRegistryImpl.java:286)
	at org.hibernate.service.internal.AbstractServiceRegistryImpl.initializeService(AbstractServiceRegistryImpl.java:243)
	at org.hibernate.service.internal.AbstractServiceRegistryImpl.getService(AbstractServiceRegistryImpl.java:214)
	at org.hibernate.boot.internal.InFlightMetadataCollectorImpl.<init>(InFlightMetadataCollectorImpl.java:176)
	at org.hibernate.boot.model.process.spi.MetadataBuildingProcess.complete(MetadataBuildingProcess.java:118)
	at org.hibernate.jpa.boot.internal.EntityManagerFactoryBuilderImpl.metadata(EntityManagerFactoryBuilderImpl.java:1224)
	at org.hibernate.jpa.boot.internal.EntityManagerFactoryBuilderImpl.build(EntityManagerFactoryBuilderImpl.java:1255)
	at org.springframework.orm.jpa.vendor.SpringHibernateJpaPersistenceProvider.createContainerEntityManagerFactory(SpringHibernateJpaPersistenceProvider.java:58)
	at org.springframework.orm.jpa.LocalContainerEntityManagerFactoryBean.createNativeEntityManagerFactory(LocalContainerEntityManagerFactoryBean.java:365)
	at org.springframework.orm.jpa.AbstractEntityManagerFactoryBean.buildNativeEntityManagerFactory(AbstractEntityManagerFactoryBean.java:391)
	at java.util.concurrent.FutureTask.run(FutureTask.java:266)
	at java.util.concurrent.ThreadPoolExecutor.runWorker(ThreadPoolExecutor.java:1149)
	at java.util.concurrent.ThreadPoolExecutor$Worker.run(ThreadPoolExecutor.java:624)
	at java.lang.Thread.run(Thread.java:748)
2020-07-11 10:09:01,543 [task-1] ERROR org.hibernate.internal.SessionFactoryImpl - HHH000302: Unable to construct current session context [org.springframework.orm.hibernate4.SpringSessionContext]
org.hibernate.boot.registry.classloading.spi.ClassLoadingException: Unable to load class [org.springframework.orm.hibernate4.SpringSessionContext]
	at org.hibernate.boot.registry.classloading.internal.ClassLoaderServiceImpl.classForName(ClassLoaderServiceImpl.java:133)
	at org.hibernate.internal.SessionFactoryImpl.buildCurrentSessionContext(SessionFactoryImpl.java:1013)
	at org.hibernate.internal.SessionFactoryImpl.<init>(SessionFactoryImpl.java:323)
	at org.hibernate.boot.internal.SessionFactoryBuilderImpl.build(SessionFactoryBuilderImpl.java:469)
	at org.hibernate.jpa.boot.internal.EntityManagerFactoryBuilderImpl.build(EntityManagerFactoryBuilderImpl.java:1259)
	at org.springframework.orm.jpa.vendor.SpringHibernateJpaPersistenceProvider.createContainerEntityManagerFactory(SpringHibernateJpaPersistenceProvider.java:58)
	at org.springframework.orm.jpa.LocalContainerEntityManagerFactoryBean.createNativeEntityManagerFactory(LocalContainerEntityManagerFactoryBean.java:365)
	at org.springframework.orm.jpa.AbstractEntityManagerFactoryBean.buildNativeEntityManagerFactory(AbstractEntityManagerFactoryBean.java:391)
	at java.util.concurrent.FutureTask.run(FutureTask.java:266)
	at java.util.concurrent.ThreadPoolExecutor.runWorker(ThreadPoolExecutor.java:1149)
	at java.util.concurrent.ThreadPoolExecutor$Worker.run(ThreadPoolExecutor.java:624)
	at java.lang.Thread.run(Thread.java:748)
Caused by: java.lang.ClassNotFoundException: Could not load requested class : org.springframework.orm.hibernate4.SpringSessionContext
	at org.hibernate.boot.registry.classloading.internal.AggregatedClassLoader.findClass(AggregatedClassLoader.java:210)
	at java.lang.ClassLoader.loadClass(ClassLoader.java:418)
	at java.lang.ClassLoader.loadClass(ClassLoader.java:351)
	at java.lang.Class.forName0(Native Method)
	at java.lang.Class.forName(Class.java:348)
	at org.hibernate.boot.registry.classloading.internal.ClassLoaderServiceImpl.classForName(ClassLoaderServiceImpl.java:130)
	... 11 more
2020-07-11 10:12:31,653 [task-1] ERROR com.zaxxer.hikari.pool.HikariPool - HikariPool-1 - Error thrown while acquiring connection from data source
org.postgresql.util.PSQLException: This ResultSet is closed.
	at org.postgresql.jdbc2.AbstractJdbc2ResultSet.checkClosed(AbstractJdbc2ResultSet.java:2839)
	at org.postgresql.jdbc2.AbstractJdbc2ResultSet.setFetchSize(AbstractJdbc2ResultSet.java:1874)
	at org.postgresql.jdbc4.Jdbc4Statement.createResultSet(Jdbc4Statement.java:37)
	at org.postgresql.jdbc2.AbstractJdbc2Statement$StatementResultHandler.handleResultRows(AbstractJdbc2Statement.java:219)
	at org.postgresql.core.v3.QueryExecutorImpl.processResults(QueryExecutorImpl.java:1812)
	at org.postgresql.core.v3.QueryExecutorImpl.execute(QueryExecutorImpl.java:255)
	at org.postgresql.jdbc2.AbstractJdbc2Statement.execute(AbstractJdbc2Statement.java:555)
	at org.postgresql.jdbc2.AbstractJdbc2Statement.executeWithFlags(AbstractJdbc2Statement.java:403)
	at org.postgresql.jdbc2.AbstractJdbc2Connection.execSQLUpdate(AbstractJdbc2Connection.java:366)
	at org.postgresql.jdbc2.AbstractJdbc2Connection.getTransactionIsolation(AbstractJdbc2Connection.java:883)
	at com.zaxxer.hikari.pool.PoolBase.checkDefaultIsolation(PoolBase.java:479)
	at com.zaxxer.hikari.pool.PoolBase.checkDriverSupport(PoolBase.java:442)
	at com.zaxxer.hikari.pool.PoolBase.setupConnection(PoolBase.java:410)
	at com.zaxxer.hikari.pool.PoolBase.newConnection(PoolBase.java:363)
	at com.zaxxer.hikari.pool.PoolBase.newPoolEntry(PoolBase.java:206)
	at com.zaxxer.hikari.pool.HikariPool.createPoolEntry(HikariPool.java:477)
	at com.zaxxer.hikari.pool.HikariPool.checkFailFast(HikariPool.java:560)
	at com.zaxxer.hikari.pool.HikariPool.<init>(HikariPool.java:115)
	at com.zaxxer.hikari.HikariDataSource.getConnection(HikariDataSource.java:112)
	at org.hibernate.engine.jdbc.connections.internal.DatasourceConnectionProviderImpl.getConnection(DatasourceConnectionProviderImpl.java:122)
	at org.hibernate.engine.jdbc.env.internal.JdbcEnvironmentInitiator$ConnectionProviderJdbcConnectionAccess.obtainConnection(JdbcEnvironmentInitiator.java:180)
	at org.hibernate.engine.jdbc.env.internal.JdbcEnvironmentInitiator.initiateService(JdbcEnvironmentInitiator.java:68)
	at org.hibernate.engine.jdbc.env.internal.JdbcEnvironmentInitiator.initiateService(JdbcEnvironmentInitiator.java:35)
	at org.hibernate.boot.registry.internal.StandardServiceRegistryImpl.initiateService(StandardServiceRegistryImpl.java:101)
	at org.hibernate.service.internal.AbstractServiceRegistryImpl.createService(AbstractServiceRegistryImpl.java:263)
	at org.hibernate.service.internal.AbstractServiceRegistryImpl.initializeService(AbstractServiceRegistryImpl.java:237)
	at org.hibernate.service.internal.AbstractServiceRegistryImpl.getService(AbstractServiceRegistryImpl.java:214)
	at org.hibernate.id.factory.internal.DefaultIdentifierGeneratorFactory.injectServices(DefaultIdentifierGeneratorFactory.java:152)
	at org.hibernate.service.internal.AbstractServiceRegistryImpl.injectDependencies(AbstractServiceRegistryImpl.java:286)
	at org.hibernate.service.internal.AbstractServiceRegistryImpl.initializeService(AbstractServiceRegistryImpl.java:243)
	at org.hibernate.service.internal.AbstractServiceRegistryImpl.getService(AbstractServiceRegistryImpl.java:214)
	at org.hibernate.boot.internal.InFlightMetadataCollectorImpl.<init>(InFlightMetadataCollectorImpl.java:176)
	at org.hibernate.boot.model.process.spi.MetadataBuildingProcess.complete(MetadataBuildingProcess.java:118)
	at org.hibernate.jpa.boot.internal.EntityManagerFactoryBuilderImpl.metadata(EntityManagerFactoryBuilderImpl.java:1224)
	at org.hibernate.jpa.boot.internal.EntityManagerFactoryBuilderImpl.build(EntityManagerFactoryBuilderImpl.java:1255)
	at org.springframework.orm.jpa.vendor.SpringHibernateJpaPersistenceProvider.createContainerEntityManagerFactory(SpringHibernateJpaPersistenceProvider.java:58)
	at org.springframework.orm.jpa.LocalContainerEntityManagerFactoryBean.createNativeEntityManagerFactory(LocalContainerEntityManagerFactoryBean.java:365)
	at org.springframework.orm.jpa.AbstractEntityManagerFactoryBean.buildNativeEntityManagerFactory(AbstractEntityManagerFactoryBean.java:391)
	at java.util.concurrent.FutureTask.run(FutureTask.java:266)
	at java.util.concurrent.ThreadPoolExecutor.runWorker(ThreadPoolExecutor.java:1149)
	at java.util.concurrent.ThreadPoolExecutor$Worker.run(ThreadPoolExecutor.java:624)
	at java.lang.Thread.run(Thread.java:748)
2020-07-11 10:12:31,656 [task-1] ERROR com.zaxxer.hikari.pool.HikariPool - HikariPool-1 - Exception during pool initialization.
org.postgresql.util.PSQLException: This ResultSet is closed.
	at org.postgresql.jdbc2.AbstractJdbc2ResultSet.checkClosed(AbstractJdbc2ResultSet.java:2839)
	at org.postgresql.jdbc2.AbstractJdbc2ResultSet.setFetchSize(AbstractJdbc2ResultSet.java:1874)
	at org.postgresql.jdbc4.Jdbc4Statement.createResultSet(Jdbc4Statement.java:37)
	at org.postgresql.jdbc2.AbstractJdbc2Statement$StatementResultHandler.handleResultRows(AbstractJdbc2Statement.java:219)
	at org.postgresql.core.v3.QueryExecutorImpl.processResults(QueryExecutorImpl.java:1812)
	at org.postgresql.core.v3.QueryExecutorImpl.execute(QueryExecutorImpl.java:255)
	at org.postgresql.jdbc2.AbstractJdbc2Statement.execute(AbstractJdbc2Statement.java:555)
	at org.postgresql.jdbc2.AbstractJdbc2Statement.executeWithFlags(AbstractJdbc2Statement.java:403)
	at org.postgresql.jdbc2.AbstractJdbc2Connection.execSQLUpdate(AbstractJdbc2Connection.java:366)
	at org.postgresql.jdbc2.AbstractJdbc2Connection.getTransactionIsolation(AbstractJdbc2Connection.java:883)
	at com.zaxxer.hikari.pool.PoolBase.checkDefaultIsolation(PoolBase.java:479)
	at com.zaxxer.hikari.pool.PoolBase.checkDriverSupport(PoolBase.java:442)
	at com.zaxxer.hikari.pool.PoolBase.setupConnection(PoolBase.java:410)
	at com.zaxxer.hikari.pool.PoolBase.newConnection(PoolBase.java:363)
	at com.zaxxer.hikari.pool.PoolBase.newPoolEntry(PoolBase.java:206)
	at com.zaxxer.hikari.pool.HikariPool.createPoolEntry(HikariPool.java:477)
	at com.zaxxer.hikari.pool.HikariPool.checkFailFast(HikariPool.java:560)
	at com.zaxxer.hikari.pool.HikariPool.<init>(HikariPool.java:115)
	at com.zaxxer.hikari.HikariDataSource.getConnection(HikariDataSource.java:112)
	at org.hibernate.engine.jdbc.connections.internal.DatasourceConnectionProviderImpl.getConnection(DatasourceConnectionProviderImpl.java:122)
	at org.hibernate.engine.jdbc.env.internal.JdbcEnvironmentInitiator$ConnectionProviderJdbcConnectionAccess.obtainConnection(JdbcEnvironmentInitiator.java:180)
	at org.hibernate.engine.jdbc.env.internal.JdbcEnvironmentInitiator.initiateService(JdbcEnvironmentInitiator.java:68)
	at org.hibernate.engine.jdbc.env.internal.JdbcEnvironmentInitiator.initiateService(JdbcEnvironmentInitiator.java:35)
	at org.hibernate.boot.registry.internal.StandardServiceRegistryImpl.initiateService(StandardServiceRegistryImpl.java:101)
	at org.hibernate.service.internal.AbstractServiceRegistryImpl.createService(AbstractServiceRegistryImpl.java:263)
	at org.hibernate.service.internal.AbstractServiceRegistryImpl.initializeService(AbstractServiceRegistryImpl.java:237)
	at org.hibernate.service.internal.AbstractServiceRegistryImpl.getService(AbstractServiceRegistryImpl.java:214)
	at org.hibernate.id.factory.internal.DefaultIdentifierGeneratorFactory.injectServices(DefaultIdentifierGeneratorFactory.java:152)
	at org.hibernate.service.internal.AbstractServiceRegistryImpl.injectDependencies(AbstractServiceRegistryImpl.java:286)
	at org.hibernate.service.internal.AbstractServiceRegistryImpl.initializeService(AbstractServiceRegistryImpl.java:243)
	at org.hibernate.service.internal.AbstractServiceRegistryImpl.getService(AbstractServiceRegistryImpl.java:214)
	at org.hibernate.boot.internal.InFlightMetadataCollectorImpl.<init>(InFlightMetadataCollectorImpl.java:176)
	at org.hibernate.boot.model.process.spi.MetadataBuildingProcess.complete(MetadataBuildingProcess.java:118)
	at org.hibernate.jpa.boot.internal.EntityManagerFactoryBuilderImpl.metadata(EntityManagerFactoryBuilderImpl.java:1224)
	at org.hibernate.jpa.boot.internal.EntityManagerFactoryBuilderImpl.build(EntityManagerFactoryBuilderImpl.java:1255)
	at org.springframework.orm.jpa.vendor.SpringHibernateJpaPersistenceProvider.createContainerEntityManagerFactory(SpringHibernateJpaPersistenceProvider.java:58)
	at org.springframework.orm.jpa.LocalContainerEntityManagerFactoryBean.createNativeEntityManagerFactory(LocalContainerEntityManagerFactoryBean.java:365)
	at org.springframework.orm.jpa.AbstractEntityManagerFactoryBean.buildNativeEntityManagerFactory(AbstractEntityManagerFactoryBean.java:391)
	at java.util.concurrent.FutureTask.run(FutureTask.java:266)
	at java.util.concurrent.ThreadPoolExecutor.runWorker(ThreadPoolExecutor.java:1149)
	at java.util.concurrent.ThreadPoolExecutor$Worker.run(ThreadPoolExecutor.java:624)
	at java.lang.Thread.run(Thread.java:748)
2020-07-11 10:12:31,860 [main] ERROR org.springframework.boot.diagnostics.LoggingFailureAnalysisReporter - 

***************************
APPLICATION FAILED TO START
***************************

Description:

Web server failed to start. Port 8090 was already in use.

Action:

Identify and stop the process that's listening on port 8090 or configure this application to listen on another port.

2020-07-11 10:12:47,036 [task-1] ERROR com.zaxxer.hikari.pool.HikariPool - HikariPool-1 - Error thrown while acquiring connection from data source
org.postgresql.util.PSQLException: This ResultSet is closed.
	at org.postgresql.jdbc2.AbstractJdbc2ResultSet.checkClosed(AbstractJdbc2ResultSet.java:2839)
	at org.postgresql.jdbc2.AbstractJdbc2ResultSet.setFetchSize(AbstractJdbc2ResultSet.java:1874)
	at org.postgresql.jdbc4.Jdbc4Statement.createResultSet(Jdbc4Statement.java:37)
	at org.postgresql.jdbc2.AbstractJdbc2Statement$StatementResultHandler.handleResultRows(AbstractJdbc2Statement.java:219)
	at org.postgresql.core.v3.QueryExecutorImpl.processResults(QueryExecutorImpl.java:1812)
	at org.postgresql.core.v3.QueryExecutorImpl.execute(QueryExecutorImpl.java:255)
	at org.postgresql.jdbc2.AbstractJdbc2Statement.execute(AbstractJdbc2Statement.java:555)
	at org.postgresql.jdbc2.AbstractJdbc2Statement.executeWithFlags(AbstractJdbc2Statement.java:403)
	at org.postgresql.jdbc2.AbstractJdbc2Connection.execSQLUpdate(AbstractJdbc2Connection.java:366)
	at org.postgresql.jdbc2.AbstractJdbc2Connection.getTransactionIsolation(AbstractJdbc2Connection.java:883)
	at com.zaxxer.hikari.pool.PoolBase.checkDefaultIsolation(PoolBase.java:479)
	at com.zaxxer.hikari.pool.PoolBase.checkDriverSupport(PoolBase.java:442)
	at com.zaxxer.hikari.pool.PoolBase.setupConnection(PoolBase.java:410)
	at com.zaxxer.hikari.pool.PoolBase.newConnection(PoolBase.java:363)
	at com.zaxxer.hikari.pool.PoolBase.newPoolEntry(PoolBase.java:206)
	at com.zaxxer.hikari.pool.HikariPool.createPoolEntry(HikariPool.java:477)
	at com.zaxxer.hikari.pool.HikariPool.checkFailFast(HikariPool.java:560)
	at com.zaxxer.hikari.pool.HikariPool.<init>(HikariPool.java:115)
	at com.zaxxer.hikari.HikariDataSource.getConnection(HikariDataSource.java:112)
	at org.hibernate.engine.jdbc.connections.internal.DatasourceConnectionProviderImpl.getConnection(DatasourceConnectionProviderImpl.java:122)
	at org.hibernate.engine.jdbc.env.internal.JdbcEnvironmentInitiator$ConnectionProviderJdbcConnectionAccess.obtainConnection(JdbcEnvironmentInitiator.java:180)
	at org.hibernate.engine.jdbc.env.internal.JdbcEnvironmentInitiator.initiateService(JdbcEnvironmentInitiator.java:68)
	at org.hibernate.engine.jdbc.env.internal.JdbcEnvironmentInitiator.initiateService(JdbcEnvironmentInitiator.java:35)
	at org.hibernate.boot.registry.internal.StandardServiceRegistryImpl.initiateService(StandardServiceRegistryImpl.java:101)
	at org.hibernate.service.internal.AbstractServiceRegistryImpl.createService(AbstractServiceRegistryImpl.java:263)
	at org.hibernate.service.internal.AbstractServiceRegistryImpl.initializeService(AbstractServiceRegistryImpl.java:237)
	at org.hibernate.service.internal.AbstractServiceRegistryImpl.getService(AbstractServiceRegistryImpl.java:214)
	at org.hibernate.id.factory.internal.DefaultIdentifierGeneratorFactory.injectServices(DefaultIdentifierGeneratorFactory.java:152)
	at org.hibernate.service.internal.AbstractServiceRegistryImpl.injectDependencies(AbstractServiceRegistryImpl.java:286)
	at org.hibernate.service.internal.AbstractServiceRegistryImpl.initializeService(AbstractServiceRegistryImpl.java:243)
	at org.hibernate.service.internal.AbstractServiceRegistryImpl.getService(AbstractServiceRegistryImpl.java:214)
	at org.hibernate.boot.internal.InFlightMetadataCollectorImpl.<init>(InFlightMetadataCollectorImpl.java:176)
	at org.hibernate.boot.model.process.spi.MetadataBuildingProcess.complete(MetadataBuildingProcess.java:118)
	at org.hibernate.jpa.boot.internal.EntityManagerFactoryBuilderImpl.metadata(EntityManagerFactoryBuilderImpl.java:1224)
	at org.hibernate.jpa.boot.internal.EntityManagerFactoryBuilderImpl.build(EntityManagerFactoryBuilderImpl.java:1255)
	at org.springframework.orm.jpa.vendor.SpringHibernateJpaPersistenceProvider.createContainerEntityManagerFactory(SpringHibernateJpaPersistenceProvider.java:58)
	at org.springframework.orm.jpa.LocalContainerEntityManagerFactoryBean.createNativeEntityManagerFactory(LocalContainerEntityManagerFactoryBean.java:365)
	at org.springframework.orm.jpa.AbstractEntityManagerFactoryBean.buildNativeEntityManagerFactory(AbstractEntityManagerFactoryBean.java:391)
	at java.util.concurrent.FutureTask.run(FutureTask.java:266)
	at java.util.concurrent.ThreadPoolExecutor.runWorker(ThreadPoolExecutor.java:1149)
	at java.util.concurrent.ThreadPoolExecutor$Worker.run(ThreadPoolExecutor.java:624)
	at java.lang.Thread.run(Thread.java:748)
2020-07-11 10:12:47,039 [task-1] ERROR com.zaxxer.hikari.pool.HikariPool - HikariPool-1 - Exception during pool initialization.
org.postgresql.util.PSQLException: This ResultSet is closed.
	at org.postgresql.jdbc2.AbstractJdbc2ResultSet.checkClosed(AbstractJdbc2ResultSet.java:2839)
	at org.postgresql.jdbc2.AbstractJdbc2ResultSet.setFetchSize(AbstractJdbc2ResultSet.java:1874)
	at org.postgresql.jdbc4.Jdbc4Statement.createResultSet(Jdbc4Statement.java:37)
	at org.postgresql.jdbc2.AbstractJdbc2Statement$StatementResultHandler.handleResultRows(AbstractJdbc2Statement.java:219)
	at org.postgresql.core.v3.QueryExecutorImpl.processResults(QueryExecutorImpl.java:1812)
	at org.postgresql.core.v3.QueryExecutorImpl.execute(QueryExecutorImpl.java:255)
	at org.postgresql.jdbc2.AbstractJdbc2Statement.execute(AbstractJdbc2Statement.java:555)
	at org.postgresql.jdbc2.AbstractJdbc2Statement.executeWithFlags(AbstractJdbc2Statement.java:403)
	at org.postgresql.jdbc2.AbstractJdbc2Connection.execSQLUpdate(AbstractJdbc2Connection.java:366)
	at org.postgresql.jdbc2.AbstractJdbc2Connection.getTransactionIsolation(AbstractJdbc2Connection.java:883)
	at com.zaxxer.hikari.pool.PoolBase.checkDefaultIsolation(PoolBase.java:479)
	at com.zaxxer.hikari.pool.PoolBase.checkDriverSupport(PoolBase.java:442)
	at com.zaxxer.hikari.pool.PoolBase.setupConnection(PoolBase.java:410)
	at com.zaxxer.hikari.pool.PoolBase.newConnection(PoolBase.java:363)
	at com.zaxxer.hikari.pool.PoolBase.newPoolEntry(PoolBase.java:206)
	at com.zaxxer.hikari.pool.HikariPool.createPoolEntry(HikariPool.java:477)
	at com.zaxxer.hikari.pool.HikariPool.checkFailFast(HikariPool.java:560)
	at com.zaxxer.hikari.pool.HikariPool.<init>(HikariPool.java:115)
	at com.zaxxer.hikari.HikariDataSource.getConnection(HikariDataSource.java:112)
	at org.hibernate.engine.jdbc.connections.internal.DatasourceConnectionProviderImpl.getConnection(DatasourceConnectionProviderImpl.java:122)
	at org.hibernate.engine.jdbc.env.internal.JdbcEnvironmentInitiator$ConnectionProviderJdbcConnectionAccess.obtainConnection(JdbcEnvironmentInitiator.java:180)
	at org.hibernate.engine.jdbc.env.internal.JdbcEnvironmentInitiator.initiateService(JdbcEnvironmentInitiator.java:68)
	at org.hibernate.engine.jdbc.env.internal.JdbcEnvironmentInitiator.initiateService(JdbcEnvironmentInitiator.java:35)
	at org.hibernate.boot.registry.internal.StandardServiceRegistryImpl.initiateService(StandardServiceRegistryImpl.java:101)
	at org.hibernate.service.internal.AbstractServiceRegistryImpl.createService(AbstractServiceRegistryImpl.java:263)
	at org.hibernate.service.internal.AbstractServiceRegistryImpl.initializeService(AbstractServiceRegistryImpl.java:237)
	at org.hibernate.service.internal.AbstractServiceRegistryImpl.getService(AbstractServiceRegistryImpl.java:214)
	at org.hibernate.id.factory.internal.DefaultIdentifierGeneratorFactory.injectServices(DefaultIdentifierGeneratorFactory.java:152)
	at org.hibernate.service.internal.AbstractServiceRegistryImpl.injectDependencies(AbstractServiceRegistryImpl.java:286)
	at org.hibernate.service.internal.AbstractServiceRegistryImpl.initializeService(AbstractServiceRegistryImpl.java:243)
	at org.hibernate.service.internal.AbstractServiceRegistryImpl.getService(AbstractServiceRegistryImpl.java:214)
	at org.hibernate.boot.internal.InFlightMetadataCollectorImpl.<init>(InFlightMetadataCollectorImpl.java:176)
	at org.hibernate.boot.model.process.spi.MetadataBuildingProcess.complete(MetadataBuildingProcess.java:118)
	at org.hibernate.jpa.boot.internal.EntityManagerFactoryBuilderImpl.metadata(EntityManagerFactoryBuilderImpl.java:1224)
	at org.hibernate.jpa.boot.internal.EntityManagerFactoryBuilderImpl.build(EntityManagerFactoryBuilderImpl.java:1255)
	at org.springframework.orm.jpa.vendor.SpringHibernateJpaPersistenceProvider.createContainerEntityManagerFactory(SpringHibernateJpaPersistenceProvider.java:58)
	at org.springframework.orm.jpa.LocalContainerEntityManagerFactoryBean.createNativeEntityManagerFactory(LocalContainerEntityManagerFactoryBean.java:365)
	at org.springframework.orm.jpa.AbstractEntityManagerFactoryBean.buildNativeEntityManagerFactory(AbstractEntityManagerFactoryBean.java:391)
	at java.util.concurrent.FutureTask.run(FutureTask.java:266)
	at java.util.concurrent.ThreadPoolExecutor.runWorker(ThreadPoolExecutor.java:1149)
	at java.util.concurrent.ThreadPoolExecutor$Worker.run(ThreadPoolExecutor.java:624)
	at java.lang.Thread.run(Thread.java:748)
2020-09-28 13:06:15,362 [main] ERROR com.zaxxer.hikari.pool.HikariPool - HikariPool-1 - Exception during pool initialization.
org.h2.jdbc.JdbcSQLNonTransientException: General error: "java.lang.IllegalStateException: Unable to read the page at position 1437061697524800 [1.4.200/6]" [50000-200]
	at org.h2.message.DbException.getJdbcSQLException(DbException.java:505)
	at org.h2.message.DbException.getJdbcSQLException(DbException.java:429)
	at org.h2.message.DbException.get(DbException.java:194)
	at org.h2.message.DbException.convert(DbException.java:347)
	at org.h2.engine.Database.openDatabase(Database.java:333)
	at org.h2.engine.Database.<init>(Database.java:301)
	at org.h2.engine.Engine.openSession(Engine.java:74)
	at org.h2.engine.Engine.openSession(Engine.java:192)
	at org.h2.engine.Engine.createSessionAndValidate(Engine.java:171)
	at org.h2.engine.Engine.createSession(Engine.java:166)
	at org.h2.engine.Engine.createSession(Engine.java:29)
	at org.h2.engine.SessionRemote.connectEmbeddedOrServer(SessionRemote.java:340)
	at org.h2.jdbc.JdbcConnection.<init>(JdbcConnection.java:173)
	at org.h2.jdbc.JdbcConnection.<init>(JdbcConnection.java:152)
	at org.h2.Driver.connect(Driver.java:69)
	at com.zaxxer.hikari.util.DriverDataSource.getConnection(DriverDataSource.java:138)
	at com.zaxxer.hikari.pool.PoolBase.newConnection(PoolBase.java:358)
	at com.zaxxer.hikari.pool.PoolBase.newPoolEntry(PoolBase.java:206)
	at com.zaxxer.hikari.pool.HikariPool.createPoolEntry(HikariPool.java:477)
	at com.zaxxer.hikari.pool.HikariPool.checkFailFast(HikariPool.java:560)
	at com.zaxxer.hikari.pool.HikariPool.<init>(HikariPool.java:115)
	at com.zaxxer.hikari.HikariDataSource.getConnection(HikariDataSource.java:112)
	at org.springframework.boot.autoconfigure.h2.H2ConsoleAutoConfiguration.lambda$h2Console$0(H2ConsoleAutoConfiguration.java:73)
	at org.springframework.beans.factory.ObjectProvider.ifAvailable(ObjectProvider.java:93)
	at org.springframework.boot.autoconfigure.h2.H2ConsoleAutoConfiguration.h2Console(H2ConsoleAutoConfiguration.java:72)
	at sun.reflect.NativeMethodAccessorImpl.invoke0(Native Method)
	at sun.reflect.NativeMethodAccessorImpl.invoke(NativeMethodAccessorImpl.java:62)
	at sun.reflect.DelegatingMethodAccessorImpl.invoke(DelegatingMethodAccessorImpl.java:43)
	at java.lang.reflect.Method.invoke(Method.java:498)
	at org.springframework.beans.factory.support.SimpleInstantiationStrategy.instantiate(SimpleInstantiationStrategy.java:154)
	at org.springframework.beans.factory.support.ConstructorResolver.instantiate(ConstructorResolver.java:650)
	at org.springframework.beans.factory.support.ConstructorResolver.instantiateUsingFactoryMethod(ConstructorResolver.java:635)
	at org.springframework.beans.factory.support.AbstractAutowireCapableBeanFactory.instantiateUsingFactoryMethod(AbstractAutowireCapableBeanFactory.java:1338)
	at org.springframework.beans.factory.support.AbstractAutowireCapableBeanFactory.createBeanInstance(AbstractAutowireCapableBeanFactory.java:1177)
	at org.springframework.beans.factory.support.AbstractAutowireCapableBeanFactory.doCreateBean(AbstractAutowireCapableBeanFactory.java:557)
	at org.springframework.beans.factory.support.AbstractAutowireCapableBeanFactory.createBean(AbstractAutowireCapableBeanFactory.java:517)
	at org.springframework.beans.factory.support.AbstractBeanFactory.lambda$doGetBean$0(AbstractBeanFactory.java:323)
	at org.springframework.beans.factory.support.DefaultSingletonBeanRegistry.getSingleton(DefaultSingletonBeanRegistry.java:226)
	at org.springframework.beans.factory.support.AbstractBeanFactory.doGetBean(AbstractBeanFactory.java:321)
	at org.springframework.beans.factory.support.AbstractBeanFactory.getBean(AbstractBeanFactory.java:207)
	at org.springframework.boot.web.servlet.ServletContextInitializerBeans.getOrderedBeansOfType(ServletContextInitializerBeans.java:211)
	at org.springframework.boot.web.servlet.ServletContextInitializerBeans.getOrderedBeansOfType(ServletContextInitializerBeans.java:202)
	at org.springframework.boot.web.servlet.ServletContextInitializerBeans.addServletContextInitializerBeans(ServletContextInitializerBeans.java:96)
	at org.springframework.boot.web.servlet.ServletContextInitializerBeans.<init>(ServletContextInitializerBeans.java:85)
	at org.springframework.boot.web.servlet.context.ServletWebServerApplicationContext.getServletContextInitializerBeans(ServletWebServerApplicationContext.java:255)
	at org.springframework.boot.web.servlet.context.ServletWebServerApplicationContext.selfInitialize(ServletWebServerApplicationContext.java:229)
	at org.springframework.boot.web.embedded.tomcat.TomcatStarter.onStartup(TomcatStarter.java:53)
	at org.apache.catalina.core.StandardContext.startInternal(StandardContext.java:5128)
	at org.apache.catalina.util.LifecycleBase.start(LifecycleBase.java:183)
	at org.apache.catalina.core.ContainerBase$StartChild.call(ContainerBase.java:1384)
	at org.apache.catalina.core.ContainerBase$StartChild.call(ContainerBase.java:1374)
	at java.util.concurrent.FutureTask.run(FutureTask.java:266)
	at org.apache.tomcat.util.threads.InlineExecutorService.execute(InlineExecutorService.java:75)
	at java.util.concurrent.AbstractExecutorService.submit(AbstractExecutorService.java:134)
	at org.apache.catalina.core.ContainerBase.startInternal(ContainerBase.java:909)
	at org.apache.catalina.core.StandardHost.startInternal(StandardHost.java:841)
	at org.apache.catalina.util.LifecycleBase.start(LifecycleBase.java:183)
	at org.apache.catalina.core.ContainerBase$StartChild.call(ContainerBase.java:1384)
	at org.apache.catalina.core.ContainerBase$StartChild.call(ContainerBase.java:1374)
	at java.util.concurrent.FutureTask.run(FutureTask.java:266)
	at org.apache.tomcat.util.threads.InlineExecutorService.execute(InlineExecutorService.java:75)
	at java.util.concurrent.AbstractExecutorService.submit(AbstractExecutorService.java:134)
	at org.apache.catalina.core.ContainerBase.startInternal(ContainerBase.java:909)
	at org.apache.catalina.core.StandardEngine.startInternal(StandardEngine.java:262)
	at org.apache.catalina.util.LifecycleBase.start(LifecycleBase.java:183)
	at org.apache.catalina.core.StandardService.startInternal(StandardService.java:421)
	at org.apache.catalina.util.LifecycleBase.start(LifecycleBase.java:183)
	at org.apache.catalina.core.StandardServer.startInternal(StandardServer.java:930)
	at org.apache.catalina.util.LifecycleBase.start(LifecycleBase.java:183)
	at org.apache.catalina.startup.Tomcat.start(Tomcat.java:468)
	at org.springframework.boot.web.embedded.tomcat.TomcatWebServer.initialize(TomcatWebServer.java:123)
	at org.springframework.boot.web.embedded.tomcat.TomcatWebServer.<init>(TomcatWebServer.java:104)
	at org.springframework.boot.web.embedded.tomcat.TomcatServletWebServerFactory.getTomcatWebServer(TomcatServletWebServerFactory.java:437)
	at org.springframework.boot.web.embedded.tomcat.TomcatServletWebServerFactory.getWebServer(TomcatServletWebServerFactory.java:191)
	at org.springframework.boot.web.servlet.context.ServletWebServerApplicationContext.createWebServer(ServletWebServerApplicationContext.java:178)
	at org.springframework.boot.web.servlet.context.ServletWebServerApplicationContext.onRefresh(ServletWebServerApplicationContext.java:158)
	at org.springframework.context.support.AbstractApplicationContext.refresh(AbstractApplicationContext.java:545)
	at org.springframework.boot.web.servlet.context.ServletWebServerApplicationContext.refresh(ServletWebServerApplicationContext.java:143)
	at org.springframework.boot.SpringApplication.refresh(SpringApplication.java:758)
	at org.springframework.boot.SpringApplication.refresh(SpringApplication.java:750)
	at org.springframework.boot.SpringApplication.refreshContext(SpringApplication.java:397)
	at org.springframework.boot.SpringApplication.run(SpringApplication.java:315)
	at org.springframework.boot.SpringApplication.run(SpringApplication.java:1237)
	at org.springframework.boot.SpringApplication.run(SpringApplication.java:1226)
	at com.gollgi.resolver.app.GeoResolverApplication.main(GeoResolverApplication.java:25)
Caused by: java.lang.IllegalStateException: Unable to read the page at position 1437061697524800 [1.4.200/6]
	at org.h2.mvstore.DataUtils.newIllegalStateException(DataUtils.java:950)
	at org.h2.mvstore.MVStore.readPage(MVStore.java:2213)
	at org.h2.mvstore.MVMap.readPage(MVMap.java:672)
	at org.h2.mvstore.MVMap.readOrCreateRootPage(MVMap.java:688)
	at org.h2.mvstore.MVMap.setRootPos(MVMap.java:682)
	at org.h2.mvstore.MVStore.openMap(MVStore.java:576)
	at org.h2.mvstore.MVStore.openMap(MVStore.java:535)
	at org.h2.mvstore.MVStore.openMap(MVStore.java:516)
	at org.h2.mvstore.MVStore.removeMap(MVStore.java:2742)
	at org.h2.engine.Database.handleUpgradeIssues(Database.java:866)
	at org.h2.engine.Database.open(Database.java:742)
	at org.h2.engine.Database.openDatabase(Database.java:307)
	... 80 more
Caused by: java.lang.IllegalStateException: Unsupported type 17 [1.4.200/3]
	at org.h2.mvstore.DataUtils.newIllegalStateException(DataUtils.java:950)
	at org.h2.mvstore.type.ObjectDataType.newType(ObjectDataType.java:165)
	at org.h2.mvstore.type.ObjectDataType.read(ObjectDataType.java:229)
	at org.h2.mvstore.type.ObjectDataType.read(ObjectDataType.java:114)
	at org.h2.mvstore.Page.read(Page.java:605)
	at org.h2.mvstore.Page.read(Page.java:239)
	at org.h2.mvstore.MVStore.readPage(MVStore.java:2211)
	... 90 more
2020-09-28 13:06:16,829 [main] ERROR com.zaxxer.hikari.pool.HikariPool - HikariPool-1 - Exception during pool initialization.
org.h2.jdbc.JdbcSQLNonTransientException: General error: "java.lang.IllegalStateException: Unable to read the page at position 1437061697524800 [1.4.200/6]" [50000-200]
	at org.h2.message.DbException.getJdbcSQLException(DbException.java:505)
	at org.h2.message.DbException.getJdbcSQLException(DbException.java:429)
	at org.h2.message.DbException.get(DbException.java:194)
	at org.h2.message.DbException.convert(DbException.java:347)
	at org.h2.engine.Database.openDatabase(Database.java:333)
	at org.h2.engine.Database.<init>(Database.java:301)
	at org.h2.engine.Engine.openSession(Engine.java:74)
	at org.h2.engine.Engine.openSession(Engine.java:192)
	at org.h2.engine.Engine.createSessionAndValidate(Engine.java:171)
	at org.h2.engine.Engine.createSession(Engine.java:166)
	at org.h2.engine.Engine.createSession(Engine.java:29)
	at org.h2.engine.SessionRemote.connectEmbeddedOrServer(SessionRemote.java:340)
	at org.h2.jdbc.JdbcConnection.<init>(JdbcConnection.java:173)
	at org.h2.jdbc.JdbcConnection.<init>(JdbcConnection.java:152)
	at org.h2.Driver.connect(Driver.java:69)
	at com.zaxxer.hikari.util.DriverDataSource.getConnection(DriverDataSource.java:138)
	at com.zaxxer.hikari.pool.PoolBase.newConnection(PoolBase.java:358)
	at com.zaxxer.hikari.pool.PoolBase.newPoolEntry(PoolBase.java:206)
	at com.zaxxer.hikari.pool.HikariPool.createPoolEntry(HikariPool.java:477)
	at com.zaxxer.hikari.pool.HikariPool.checkFailFast(HikariPool.java:560)
	at com.zaxxer.hikari.pool.HikariPool.<init>(HikariPool.java:115)
	at com.zaxxer.hikari.HikariDataSource.getConnection(HikariDataSource.java:112)
	at org.springframework.jdbc.datasource.DataSourceUtils.fetchConnection(DataSourceUtils.java:158)
	at org.springframework.jdbc.datasource.DataSourceUtils.doGetConnection(DataSourceUtils.java:116)
	at org.springframework.jdbc.datasource.DataSourceUtils.getConnection(DataSourceUtils.java:79)
	at org.springframework.jdbc.core.JdbcTemplate.execute(JdbcTemplate.java:324)
	at org.springframework.boot.jdbc.EmbeddedDatabaseConnection.isEmbedded(EmbeddedDatabaseConnection.java:120)
	at org.springframework.boot.autoconfigure.orm.jpa.HibernateDefaultDdlAutoProvider.getDefaultDdlAuto(HibernateDefaultDdlAutoProvider.java:42)
	at org.springframework.boot.autoconfigure.orm.jpa.HibernateJpaConfiguration.lambda$getVendorProperties$1(HibernateJpaConfiguration.java:130)
	at org.springframework.boot.autoconfigure.orm.jpa.HibernateSettings.getDdlAuto(HibernateSettings.java:41)
	at org.springframework.boot.autoconfigure.orm.jpa.HibernateProperties.determineDdlAuto(HibernateProperties.java:136)
	at org.springframework.boot.autoconfigure.orm.jpa.HibernateProperties.getAdditionalProperties(HibernateProperties.java:102)
	at org.springframework.boot.autoconfigure.orm.jpa.HibernateProperties.determineHibernateProperties(HibernateProperties.java:94)
	at org.springframework.boot.autoconfigure.orm.jpa.HibernateJpaConfiguration.getVendorProperties(HibernateJpaConfiguration.java:132)
	at org.springframework.boot.autoconfigure.orm.jpa.JpaBaseConfiguration.entityManagerFactory(JpaBaseConfiguration.java:133)
	at sun.reflect.NativeMethodAccessorImpl.invoke0(Native Method)
	at sun.reflect.NativeMethodAccessorImpl.invoke(NativeMethodAccessorImpl.java:62)
	at sun.reflect.DelegatingMethodAccessorImpl.invoke(DelegatingMethodAccessorImpl.java:43)
	at java.lang.reflect.Method.invoke(Method.java:498)
	at org.springframework.beans.factory.support.SimpleInstantiationStrategy.instantiate(SimpleInstantiationStrategy.java:154)
	at org.springframework.beans.factory.support.ConstructorResolver.instantiate(ConstructorResolver.java:650)
	at org.springframework.beans.factory.support.ConstructorResolver.instantiateUsingFactoryMethod(ConstructorResolver.java:635)
	at org.springframework.beans.factory.support.AbstractAutowireCapableBeanFactory.instantiateUsingFactoryMethod(AbstractAutowireCapableBeanFactory.java:1338)
	at org.springframework.beans.factory.support.AbstractAutowireCapableBeanFactory.createBeanInstance(AbstractAutowireCapableBeanFactory.java:1177)
	at org.springframework.beans.factory.support.AbstractAutowireCapableBeanFactory.doCreateBean(AbstractAutowireCapableBeanFactory.java:557)
	at org.springframework.beans.factory.support.AbstractAutowireCapableBeanFactory.createBean(AbstractAutowireCapableBeanFactory.java:517)
	at org.springframework.beans.factory.support.AbstractBeanFactory.lambda$doGetBean$0(AbstractBeanFactory.java:323)
	at org.springframework.beans.factory.support.DefaultSingletonBeanRegistry.getSingleton(DefaultSingletonBeanRegistry.java:226)
	at org.springframework.beans.factory.support.AbstractBeanFactory.doGetBean(AbstractBeanFactory.java:321)
	at org.springframework.beans.factory.support.AbstractBeanFactory.getBean(AbstractBeanFactory.java:202)
	at org.springframework.context.support.AbstractApplicationContext.getBean(AbstractApplicationContext.java:1109)
	at org.springframework.context.support.AbstractApplicationContext.finishBeanFactoryInitialization(AbstractApplicationContext.java:869)
	at org.springframework.context.support.AbstractApplicationContext.refresh(AbstractApplicationContext.java:551)
	at org.springframework.boot.web.servlet.context.ServletWebServerApplicationContext.refresh(ServletWebServerApplicationContext.java:143)
	at org.springframework.boot.SpringApplication.refresh(SpringApplication.java:758)
	at org.springframework.boot.SpringApplication.refresh(SpringApplication.java:750)
	at org.springframework.boot.SpringApplication.refreshContext(SpringApplication.java:397)
	at org.springframework.boot.SpringApplication.run(SpringApplication.java:315)
	at org.springframework.boot.SpringApplication.run(SpringApplication.java:1237)
	at org.springframework.boot.SpringApplication.run(SpringApplication.java:1226)
	at com.gollgi.resolver.app.GeoResolverApplication.main(GeoResolverApplication.java:25)
Caused by: java.lang.IllegalStateException: Unable to read the page at position 1437061697524800 [1.4.200/6]
	at org.h2.mvstore.DataUtils.newIllegalStateException(DataUtils.java:950)
	at org.h2.mvstore.MVStore.readPage(MVStore.java:2213)
	at org.h2.mvstore.MVMap.readPage(MVMap.java:672)
	at org.h2.mvstore.MVMap.readOrCreateRootPage(MVMap.java:688)
	at org.h2.mvstore.MVMap.setRootPos(MVMap.java:682)
	at org.h2.mvstore.MVStore.openMap(MVStore.java:576)
	at org.h2.mvstore.MVStore.openMap(MVStore.java:535)
	at org.h2.mvstore.MVStore.openMap(MVStore.java:516)
	at org.h2.mvstore.MVStore.removeMap(MVStore.java:2742)
	at org.h2.engine.Database.handleUpgradeIssues(Database.java:866)
	at org.h2.engine.Database.open(Database.java:742)
	at org.h2.engine.Database.openDatabase(Database.java:307)
	... 56 more
Caused by: java.lang.IllegalStateException: Unsupported type 17 [1.4.200/3]
	at org.h2.mvstore.DataUtils.newIllegalStateException(DataUtils.java:950)
	at org.h2.mvstore.type.ObjectDataType.newType(ObjectDataType.java:165)
	at org.h2.mvstore.type.ObjectDataType.read(ObjectDataType.java:229)
	at org.h2.mvstore.type.ObjectDataType.read(ObjectDataType.java:114)
	at org.h2.mvstore.Page.read(Page.java:605)
	at org.h2.mvstore.Page.read(Page.java:239)
	at org.h2.mvstore.MVStore.readPage(MVStore.java:2211)
	... 66 more
2020-09-28 13:06:18,779 [task-1] ERROR com.zaxxer.hikari.pool.HikariPool - HikariPool-1 - Exception during pool initialization.
org.h2.jdbc.JdbcSQLNonTransientException: General error: "java.lang.IllegalStateException: Unable to read the page at position 1437061697524800 [1.4.200/6]" [50000-200]
	at org.h2.message.DbException.getJdbcSQLException(DbException.java:505)
	at org.h2.message.DbException.getJdbcSQLException(DbException.java:429)
	at org.h2.message.DbException.get(DbException.java:194)
	at org.h2.message.DbException.convert(DbException.java:347)
	at org.h2.engine.Database.openDatabase(Database.java:333)
	at org.h2.engine.Database.<init>(Database.java:301)
	at org.h2.engine.Engine.openSession(Engine.java:74)
	at org.h2.engine.Engine.openSession(Engine.java:192)
	at org.h2.engine.Engine.createSessionAndValidate(Engine.java:171)
	at org.h2.engine.Engine.createSession(Engine.java:166)
	at org.h2.engine.Engine.createSession(Engine.java:29)
	at org.h2.engine.SessionRemote.connectEmbeddedOrServer(SessionRemote.java:340)
	at org.h2.jdbc.JdbcConnection.<init>(JdbcConnection.java:173)
	at org.h2.jdbc.JdbcConnection.<init>(JdbcConnection.java:152)
	at org.h2.Driver.connect(Driver.java:69)
	at com.zaxxer.hikari.util.DriverDataSource.getConnection(DriverDataSource.java:138)
	at com.zaxxer.hikari.pool.PoolBase.newConnection(PoolBase.java:358)
	at com.zaxxer.hikari.pool.PoolBase.newPoolEntry(PoolBase.java:206)
	at com.zaxxer.hikari.pool.HikariPool.createPoolEntry(HikariPool.java:477)
	at com.zaxxer.hikari.pool.HikariPool.checkFailFast(HikariPool.java:560)
	at com.zaxxer.hikari.pool.HikariPool.<init>(HikariPool.java:115)
	at com.zaxxer.hikari.HikariDataSource.getConnection(HikariDataSource.java:112)
	at org.hibernate.engine.jdbc.connections.internal.DatasourceConnectionProviderImpl.getConnection(DatasourceConnectionProviderImpl.java:122)
	at org.hibernate.engine.jdbc.env.internal.JdbcEnvironmentInitiator$ConnectionProviderJdbcConnectionAccess.obtainConnection(JdbcEnvironmentInitiator.java:180)
	at org.hibernate.engine.jdbc.env.internal.JdbcEnvironmentInitiator.initiateService(JdbcEnvironmentInitiator.java:68)
	at org.hibernate.engine.jdbc.env.internal.JdbcEnvironmentInitiator.initiateService(JdbcEnvironmentInitiator.java:35)
	at org.hibernate.boot.registry.internal.StandardServiceRegistryImpl.initiateService(StandardServiceRegistryImpl.java:101)
	at org.hibernate.service.internal.AbstractServiceRegistryImpl.createService(AbstractServiceRegistryImpl.java:263)
	at org.hibernate.service.internal.AbstractServiceRegistryImpl.initializeService(AbstractServiceRegistryImpl.java:237)
	at org.hibernate.service.internal.AbstractServiceRegistryImpl.getService(AbstractServiceRegistryImpl.java:214)
	at org.hibernate.id.factory.internal.DefaultIdentifierGeneratorFactory.injectServices(DefaultIdentifierGeneratorFactory.java:152)
	at org.hibernate.service.internal.AbstractServiceRegistryImpl.injectDependencies(AbstractServiceRegistryImpl.java:286)
	at org.hibernate.service.internal.AbstractServiceRegistryImpl.initializeService(AbstractServiceRegistryImpl.java:243)
	at org.hibernate.service.internal.AbstractServiceRegistryImpl.getService(AbstractServiceRegistryImpl.java:214)
	at org.hibernate.boot.internal.InFlightMetadataCollectorImpl.<init>(InFlightMetadataCollectorImpl.java:176)
	at org.hibernate.boot.model.process.spi.MetadataBuildingProcess.complete(MetadataBuildingProcess.java:118)
	at org.hibernate.jpa.boot.internal.EntityManagerFactoryBuilderImpl.metadata(EntityManagerFactoryBuilderImpl.java:1224)
	at org.hibernate.jpa.boot.internal.EntityManagerFactoryBuilderImpl.build(EntityManagerFactoryBuilderImpl.java:1255)
	at org.springframework.orm.jpa.vendor.SpringHibernateJpaPersistenceProvider.createContainerEntityManagerFactory(SpringHibernateJpaPersistenceProvider.java:58)
	at org.springframework.orm.jpa.LocalContainerEntityManagerFactoryBean.createNativeEntityManagerFactory(LocalContainerEntityManagerFactoryBean.java:365)
	at org.springframework.orm.jpa.AbstractEntityManagerFactoryBean.buildNativeEntityManagerFactory(AbstractEntityManagerFactoryBean.java:391)
	at java.util.concurrent.FutureTask.run(FutureTask.java:266)
	at java.util.concurrent.ThreadPoolExecutor.runWorker(ThreadPoolExecutor.java:1149)
	at java.util.concurrent.ThreadPoolExecutor$Worker.run(ThreadPoolExecutor.java:624)
	at java.lang.Thread.run(Thread.java:748)
Caused by: java.lang.IllegalStateException: Unable to read the page at position 1437061697524800 [1.4.200/6]
	at org.h2.mvstore.DataUtils.newIllegalStateException(DataUtils.java:950)
	at org.h2.mvstore.MVStore.readPage(MVStore.java:2213)
	at org.h2.mvstore.MVMap.readPage(MVMap.java:672)
	at org.h2.mvstore.MVMap.readOrCreateRootPage(MVMap.java:688)
	at org.h2.mvstore.MVMap.setRootPos(MVMap.java:682)
	at org.h2.mvstore.MVStore.openMap(MVStore.java:576)
	at org.h2.mvstore.MVStore.openMap(MVStore.java:535)
	at org.h2.mvstore.MVStore.openMap(MVStore.java:516)
	at org.h2.mvstore.MVStore.removeMap(MVStore.java:2742)
	at org.h2.engine.Database.handleUpgradeIssues(Database.java:866)
	at org.h2.engine.Database.open(Database.java:742)
	at org.h2.engine.Database.openDatabase(Database.java:307)
	... 40 more
Caused by: java.lang.IllegalStateException: Unsupported type 17 [1.4.200/3]
	at org.h2.mvstore.DataUtils.newIllegalStateException(DataUtils.java:950)
	at org.h2.mvstore.type.ObjectDataType.newType(ObjectDataType.java:165)
	at org.h2.mvstore.type.ObjectDataType.read(ObjectDataType.java:229)
	at org.h2.mvstore.type.ObjectDataType.read(ObjectDataType.java:114)
	at org.h2.mvstore.Page.read(Page.java:605)
	at org.h2.mvstore.Page.read(Page.java:239)
	at org.h2.mvstore.MVStore.readPage(MVStore.java:2211)
	... 50 more
2020-09-28 13:19:39,176 [main] ERROR com.zaxxer.hikari.pool.HikariPool - HikariPool-1 - Exception during pool initialization.
org.h2.jdbc.JdbcSQLNonTransientException: General error: "java.lang.IllegalStateException: Unable to read the page at position 1437061697524800 [1.4.200/6]" [50000-200]
	at org.h2.message.DbException.getJdbcSQLException(DbException.java:505)
	at org.h2.message.DbException.getJdbcSQLException(DbException.java:429)
	at org.h2.message.DbException.get(DbException.java:194)
	at org.h2.message.DbException.convert(DbException.java:347)
	at org.h2.engine.Database.openDatabase(Database.java:333)
	at org.h2.engine.Database.<init>(Database.java:301)
	at org.h2.engine.Engine.openSession(Engine.java:74)
	at org.h2.engine.Engine.openSession(Engine.java:192)
	at org.h2.engine.Engine.createSessionAndValidate(Engine.java:171)
	at org.h2.engine.Engine.createSession(Engine.java:166)
	at org.h2.engine.Engine.createSession(Engine.java:29)
	at org.h2.engine.SessionRemote.connectEmbeddedOrServer(SessionRemote.java:340)
	at org.h2.jdbc.JdbcConnection.<init>(JdbcConnection.java:173)
	at org.h2.jdbc.JdbcConnection.<init>(JdbcConnection.java:152)
	at org.h2.Driver.connect(Driver.java:69)
	at com.zaxxer.hikari.util.DriverDataSource.getConnection(DriverDataSource.java:138)
	at com.zaxxer.hikari.pool.PoolBase.newConnection(PoolBase.java:358)
	at com.zaxxer.hikari.pool.PoolBase.newPoolEntry(PoolBase.java:206)
	at com.zaxxer.hikari.pool.HikariPool.createPoolEntry(HikariPool.java:477)
	at com.zaxxer.hikari.pool.HikariPool.checkFailFast(HikariPool.java:560)
	at com.zaxxer.hikari.pool.HikariPool.<init>(HikariPool.java:115)
	at com.zaxxer.hikari.HikariDataSource.getConnection(HikariDataSource.java:112)
	at org.springframework.boot.autoconfigure.h2.H2ConsoleAutoConfiguration.lambda$h2Console$0(H2ConsoleAutoConfiguration.java:73)
	at org.springframework.beans.factory.ObjectProvider.ifAvailable(ObjectProvider.java:93)
	at org.springframework.boot.autoconfigure.h2.H2ConsoleAutoConfiguration.h2Console(H2ConsoleAutoConfiguration.java:72)
	at sun.reflect.NativeMethodAccessorImpl.invoke0(Native Method)
	at sun.reflect.NativeMethodAccessorImpl.invoke(NativeMethodAccessorImpl.java:62)
	at sun.reflect.DelegatingMethodAccessorImpl.invoke(DelegatingMethodAccessorImpl.java:43)
	at java.lang.reflect.Method.invoke(Method.java:498)
	at org.springframework.beans.factory.support.SimpleInstantiationStrategy.instantiate(SimpleInstantiationStrategy.java:154)
	at org.springframework.beans.factory.support.ConstructorResolver.instantiate(ConstructorResolver.java:650)
	at org.springframework.beans.factory.support.ConstructorResolver.instantiateUsingFactoryMethod(ConstructorResolver.java:635)
	at org.springframework.beans.factory.support.AbstractAutowireCapableBeanFactory.instantiateUsingFactoryMethod(AbstractAutowireCapableBeanFactory.java:1338)
	at org.springframework.beans.factory.support.AbstractAutowireCapableBeanFactory.createBeanInstance(AbstractAutowireCapableBeanFactory.java:1177)
	at org.springframework.beans.factory.support.AbstractAutowireCapableBeanFactory.doCreateBean(AbstractAutowireCapableBeanFactory.java:557)
	at org.springframework.beans.factory.support.AbstractAutowireCapableBeanFactory.createBean(AbstractAutowireCapableBeanFactory.java:517)
	at org.springframework.beans.factory.support.AbstractBeanFactory.lambda$doGetBean$0(AbstractBeanFactory.java:323)
	at org.springframework.beans.factory.support.DefaultSingletonBeanRegistry.getSingleton(DefaultSingletonBeanRegistry.java:226)
	at org.springframework.beans.factory.support.AbstractBeanFactory.doGetBean(AbstractBeanFactory.java:321)
	at org.springframework.beans.factory.support.AbstractBeanFactory.getBean(AbstractBeanFactory.java:207)
	at org.springframework.boot.web.servlet.ServletContextInitializerBeans.getOrderedBeansOfType(ServletContextInitializerBeans.java:211)
	at org.springframework.boot.web.servlet.ServletContextInitializerBeans.getOrderedBeansOfType(ServletContextInitializerBeans.java:202)
	at org.springframework.boot.web.servlet.ServletContextInitializerBeans.addServletContextInitializerBeans(ServletContextInitializerBeans.java:96)
	at org.springframework.boot.web.servlet.ServletContextInitializerBeans.<init>(ServletContextInitializerBeans.java:85)
	at org.springframework.boot.web.servlet.context.ServletWebServerApplicationContext.getServletContextInitializerBeans(ServletWebServerApplicationContext.java:255)
	at org.springframework.boot.web.servlet.context.ServletWebServerApplicationContext.selfInitialize(ServletWebServerApplicationContext.java:229)
	at org.springframework.boot.web.embedded.tomcat.TomcatStarter.onStartup(TomcatStarter.java:53)
	at org.apache.catalina.core.StandardContext.startInternal(StandardContext.java:5128)
	at org.apache.catalina.util.LifecycleBase.start(LifecycleBase.java:183)
	at org.apache.catalina.core.ContainerBase$StartChild.call(ContainerBase.java:1384)
	at org.apache.catalina.core.ContainerBase$StartChild.call(ContainerBase.java:1374)
	at java.util.concurrent.FutureTask.run(FutureTask.java:266)
	at org.apache.tomcat.util.threads.InlineExecutorService.execute(InlineExecutorService.java:75)
	at java.util.concurrent.AbstractExecutorService.submit(AbstractExecutorService.java:134)
	at org.apache.catalina.core.ContainerBase.startInternal(ContainerBase.java:909)
	at org.apache.catalina.core.StandardHost.startInternal(StandardHost.java:841)
	at org.apache.catalina.util.LifecycleBase.start(LifecycleBase.java:183)
	at org.apache.catalina.core.ContainerBase$StartChild.call(ContainerBase.java:1384)
	at org.apache.catalina.core.ContainerBase$StartChild.call(ContainerBase.java:1374)
	at java.util.concurrent.FutureTask.run(FutureTask.java:266)
	at org.apache.tomcat.util.threads.InlineExecutorService.execute(InlineExecutorService.java:75)
	at java.util.concurrent.AbstractExecutorService.submit(AbstractExecutorService.java:134)
	at org.apache.catalina.core.ContainerBase.startInternal(ContainerBase.java:909)
	at org.apache.catalina.core.StandardEngine.startInternal(StandardEngine.java:262)
	at org.apache.catalina.util.LifecycleBase.start(LifecycleBase.java:183)
	at org.apache.catalina.core.StandardService.startInternal(StandardService.java:421)
	at org.apache.catalina.util.LifecycleBase.start(LifecycleBase.java:183)
	at org.apache.catalina.core.StandardServer.startInternal(StandardServer.java:930)
	at org.apache.catalina.util.LifecycleBase.start(LifecycleBase.java:183)
	at org.apache.catalina.startup.Tomcat.start(Tomcat.java:468)
	at org.springframework.boot.web.embedded.tomcat.TomcatWebServer.initialize(TomcatWebServer.java:123)
	at org.springframework.boot.web.embedded.tomcat.TomcatWebServer.<init>(TomcatWebServer.java:104)
	at org.springframework.boot.web.embedded.tomcat.TomcatServletWebServerFactory.getTomcatWebServer(TomcatServletWebServerFactory.java:437)
	at org.springframework.boot.web.embedded.tomcat.TomcatServletWebServerFactory.getWebServer(TomcatServletWebServerFactory.java:191)
	at org.springframework.boot.web.servlet.context.ServletWebServerApplicationContext.createWebServer(ServletWebServerApplicationContext.java:178)
	at org.springframework.boot.web.servlet.context.ServletWebServerApplicationContext.onRefresh(ServletWebServerApplicationContext.java:158)
	at org.springframework.context.support.AbstractApplicationContext.refresh(AbstractApplicationContext.java:545)
	at org.springframework.boot.web.servlet.context.ServletWebServerApplicationContext.refresh(ServletWebServerApplicationContext.java:143)
	at org.springframework.boot.SpringApplication.refresh(SpringApplication.java:758)
	at org.springframework.boot.SpringApplication.refresh(SpringApplication.java:750)
	at org.springframework.boot.SpringApplication.refreshContext(SpringApplication.java:397)
	at org.springframework.boot.SpringApplication.run(SpringApplication.java:315)
	at org.springframework.boot.SpringApplication.run(SpringApplication.java:1237)
	at org.springframework.boot.SpringApplication.run(SpringApplication.java:1226)
	at com.gollgi.resolver.app.GeoResolverApplication.main(GeoResolverApplication.java:25)
Caused by: java.lang.IllegalStateException: Unable to read the page at position 1437061697524800 [1.4.200/6]
	at org.h2.mvstore.DataUtils.newIllegalStateException(DataUtils.java:950)
	at org.h2.mvstore.MVStore.readPage(MVStore.java:2213)
	at org.h2.mvstore.MVMap.readPage(MVMap.java:672)
	at org.h2.mvstore.MVMap.readOrCreateRootPage(MVMap.java:688)
	at org.h2.mvstore.MVMap.setRootPos(MVMap.java:682)
	at org.h2.mvstore.MVStore.openMap(MVStore.java:576)
	at org.h2.mvstore.MVStore.openMap(MVStore.java:535)
	at org.h2.mvstore.MVStore.openMap(MVStore.java:516)
	at org.h2.mvstore.MVStore.removeMap(MVStore.java:2742)
	at org.h2.engine.Database.handleUpgradeIssues(Database.java:866)
	at org.h2.engine.Database.open(Database.java:742)
	at org.h2.engine.Database.openDatabase(Database.java:307)
	... 80 more
Caused by: java.lang.IllegalStateException: Unsupported type 17 [1.4.200/3]
	at org.h2.mvstore.DataUtils.newIllegalStateException(DataUtils.java:950)
	at org.h2.mvstore.type.ObjectDataType.newType(ObjectDataType.java:165)
	at org.h2.mvstore.type.ObjectDataType.read(ObjectDataType.java:229)
	at org.h2.mvstore.type.ObjectDataType.read(ObjectDataType.java:114)
	at org.h2.mvstore.Page.read(Page.java:605)
	at org.h2.mvstore.Page.read(Page.java:239)
	at org.h2.mvstore.MVStore.readPage(MVStore.java:2211)
	... 90 more
2020-09-28 13:19:41,161 [main] ERROR com.zaxxer.hikari.pool.HikariPool - HikariPool-1 - Exception during pool initialization.
org.h2.jdbc.JdbcSQLNonTransientException: General error: "java.lang.IllegalStateException: Unable to read the page at position 1437061697524800 [1.4.200/6]" [50000-200]
	at org.h2.message.DbException.getJdbcSQLException(DbException.java:505)
	at org.h2.message.DbException.getJdbcSQLException(DbException.java:429)
	at org.h2.message.DbException.get(DbException.java:194)
	at org.h2.message.DbException.convert(DbException.java:347)
	at org.h2.engine.Database.openDatabase(Database.java:333)
	at org.h2.engine.Database.<init>(Database.java:301)
	at org.h2.engine.Engine.openSession(Engine.java:74)
	at org.h2.engine.Engine.openSession(Engine.java:192)
	at org.h2.engine.Engine.createSessionAndValidate(Engine.java:171)
	at org.h2.engine.Engine.createSession(Engine.java:166)
	at org.h2.engine.Engine.createSession(Engine.java:29)
	at org.h2.engine.SessionRemote.connectEmbeddedOrServer(SessionRemote.java:340)
	at org.h2.jdbc.JdbcConnection.<init>(JdbcConnection.java:173)
	at org.h2.jdbc.JdbcConnection.<init>(JdbcConnection.java:152)
	at org.h2.Driver.connect(Driver.java:69)
	at com.zaxxer.hikari.util.DriverDataSource.getConnection(DriverDataSource.java:138)
	at com.zaxxer.hikari.pool.PoolBase.newConnection(PoolBase.java:358)
	at com.zaxxer.hikari.pool.PoolBase.newPoolEntry(PoolBase.java:206)
	at com.zaxxer.hikari.pool.HikariPool.createPoolEntry(HikariPool.java:477)
	at com.zaxxer.hikari.pool.HikariPool.checkFailFast(HikariPool.java:560)
	at com.zaxxer.hikari.pool.HikariPool.<init>(HikariPool.java:115)
	at com.zaxxer.hikari.HikariDataSource.getConnection(HikariDataSource.java:112)
	at org.springframework.jdbc.datasource.DataSourceUtils.fetchConnection(DataSourceUtils.java:158)
	at org.springframework.jdbc.datasource.DataSourceUtils.doGetConnection(DataSourceUtils.java:116)
	at org.springframework.jdbc.datasource.DataSourceUtils.getConnection(DataSourceUtils.java:79)
	at org.springframework.jdbc.core.JdbcTemplate.execute(JdbcTemplate.java:324)
	at org.springframework.boot.jdbc.EmbeddedDatabaseConnection.isEmbedded(EmbeddedDatabaseConnection.java:120)
	at org.springframework.boot.autoconfigure.orm.jpa.HibernateDefaultDdlAutoProvider.getDefaultDdlAuto(HibernateDefaultDdlAutoProvider.java:42)
	at org.springframework.boot.autoconfigure.orm.jpa.HibernateJpaConfiguration.lambda$getVendorProperties$1(HibernateJpaConfiguration.java:130)
	at org.springframework.boot.autoconfigure.orm.jpa.HibernateSettings.getDdlAuto(HibernateSettings.java:41)
	at org.springframework.boot.autoconfigure.orm.jpa.HibernateProperties.determineDdlAuto(HibernateProperties.java:136)
	at org.springframework.boot.autoconfigure.orm.jpa.HibernateProperties.getAdditionalProperties(HibernateProperties.java:102)
	at org.springframework.boot.autoconfigure.orm.jpa.HibernateProperties.determineHibernateProperties(HibernateProperties.java:94)
	at org.springframework.boot.autoconfigure.orm.jpa.HibernateJpaConfiguration.getVendorProperties(HibernateJpaConfiguration.java:132)
	at org.springframework.boot.autoconfigure.orm.jpa.JpaBaseConfiguration.entityManagerFactory(JpaBaseConfiguration.java:133)
	at sun.reflect.NativeMethodAccessorImpl.invoke0(Native Method)
	at sun.reflect.NativeMethodAccessorImpl.invoke(NativeMethodAccessorImpl.java:62)
	at sun.reflect.DelegatingMethodAccessorImpl.invoke(DelegatingMethodAccessorImpl.java:43)
	at java.lang.reflect.Method.invoke(Method.java:498)
	at org.springframework.beans.factory.support.SimpleInstantiationStrategy.instantiate(SimpleInstantiationStrategy.java:154)
	at org.springframework.beans.factory.support.ConstructorResolver.instantiate(ConstructorResolver.java:650)
	at org.springframework.beans.factory.support.ConstructorResolver.instantiateUsingFactoryMethod(ConstructorResolver.java:635)
	at org.springframework.beans.factory.support.AbstractAutowireCapableBeanFactory.instantiateUsingFactoryMethod(AbstractAutowireCapableBeanFactory.java:1338)
	at org.springframework.beans.factory.support.AbstractAutowireCapableBeanFactory.createBeanInstance(AbstractAutowireCapableBeanFactory.java:1177)
	at org.springframework.beans.factory.support.AbstractAutowireCapableBeanFactory.doCreateBean(AbstractAutowireCapableBeanFactory.java:557)
	at org.springframework.beans.factory.support.AbstractAutowireCapableBeanFactory.createBean(AbstractAutowireCapableBeanFactory.java:517)
	at org.springframework.beans.factory.support.AbstractBeanFactory.lambda$doGetBean$0(AbstractBeanFactory.java:323)
	at org.springframework.beans.factory.support.DefaultSingletonBeanRegistry.getSingleton(DefaultSingletonBeanRegistry.java:226)
	at org.springframework.beans.factory.support.AbstractBeanFactory.doGetBean(AbstractBeanFactory.java:321)
	at org.springframework.beans.factory.support.AbstractBeanFactory.getBean(AbstractBeanFactory.java:202)
	at org.springframework.context.support.AbstractApplicationContext.getBean(AbstractApplicationContext.java:1109)
	at org.springframework.context.support.AbstractApplicationContext.finishBeanFactoryInitialization(AbstractApplicationContext.java:869)
	at org.springframework.context.support.AbstractApplicationContext.refresh(AbstractApplicationContext.java:551)
	at org.springframework.boot.web.servlet.context.ServletWebServerApplicationContext.refresh(ServletWebServerApplicationContext.java:143)
	at org.springframework.boot.SpringApplication.refresh(SpringApplication.java:758)
	at org.springframework.boot.SpringApplication.refresh(SpringApplication.java:750)
	at org.springframework.boot.SpringApplication.refreshContext(SpringApplication.java:397)
	at org.springframework.boot.SpringApplication.run(SpringApplication.java:315)
	at org.springframework.boot.SpringApplication.run(SpringApplication.java:1237)
	at org.springframework.boot.SpringApplication.run(SpringApplication.java:1226)
	at com.gollgi.resolver.app.GeoResolverApplication.main(GeoResolverApplication.java:25)
Caused by: java.lang.IllegalStateException: Unable to read the page at position 1437061697524800 [1.4.200/6]
	at org.h2.mvstore.DataUtils.newIllegalStateException(DataUtils.java:950)
	at org.h2.mvstore.MVStore.readPage(MVStore.java:2213)
	at org.h2.mvstore.MVMap.readPage(MVMap.java:672)
	at org.h2.mvstore.MVMap.readOrCreateRootPage(MVMap.java:688)
	at org.h2.mvstore.MVMap.setRootPos(MVMap.java:682)
	at org.h2.mvstore.MVStore.openMap(MVStore.java:576)
	at org.h2.mvstore.MVStore.openMap(MVStore.java:535)
	at org.h2.mvstore.MVStore.openMap(MVStore.java:516)
	at org.h2.mvstore.MVStore.removeMap(MVStore.java:2742)
	at org.h2.engine.Database.handleUpgradeIssues(Database.java:866)
	at org.h2.engine.Database.open(Database.java:742)
	at org.h2.engine.Database.openDatabase(Database.java:307)
	... 56 more
Caused by: java.lang.IllegalStateException: Unsupported type 17 [1.4.200/3]
	at org.h2.mvstore.DataUtils.newIllegalStateException(DataUtils.java:950)
	at org.h2.mvstore.type.ObjectDataType.newType(ObjectDataType.java:165)
	at org.h2.mvstore.type.ObjectDataType.read(ObjectDataType.java:229)
	at org.h2.mvstore.type.ObjectDataType.read(ObjectDataType.java:114)
	at org.h2.mvstore.Page.read(Page.java:605)
	at org.h2.mvstore.Page.read(Page.java:239)
	at org.h2.mvstore.MVStore.readPage(MVStore.java:2211)
	... 66 more
2020-09-28 13:19:43,996 [task-1] ERROR com.zaxxer.hikari.pool.HikariPool - HikariPool-1 - Exception during pool initialization.
org.h2.jdbc.JdbcSQLNonTransientException: General error: "java.lang.IllegalStateException: Unable to read the page at position 1437061697524800 [1.4.200/6]" [50000-200]
	at org.h2.message.DbException.getJdbcSQLException(DbException.java:505)
	at org.h2.message.DbException.getJdbcSQLException(DbException.java:429)
	at org.h2.message.DbException.get(DbException.java:194)
	at org.h2.message.DbException.convert(DbException.java:347)
	at org.h2.engine.Database.openDatabase(Database.java:333)
	at org.h2.engine.Database.<init>(Database.java:301)
	at org.h2.engine.Engine.openSession(Engine.java:74)
	at org.h2.engine.Engine.openSession(Engine.java:192)
	at org.h2.engine.Engine.createSessionAndValidate(Engine.java:171)
	at org.h2.engine.Engine.createSession(Engine.java:166)
	at org.h2.engine.Engine.createSession(Engine.java:29)
	at org.h2.engine.SessionRemote.connectEmbeddedOrServer(SessionRemote.java:340)
	at org.h2.jdbc.JdbcConnection.<init>(JdbcConnection.java:173)
	at org.h2.jdbc.JdbcConnection.<init>(JdbcConnection.java:152)
	at org.h2.Driver.connect(Driver.java:69)
	at com.zaxxer.hikari.util.DriverDataSource.getConnection(DriverDataSource.java:138)
	at com.zaxxer.hikari.pool.PoolBase.newConnection(PoolBase.java:358)
	at com.zaxxer.hikari.pool.PoolBase.newPoolEntry(PoolBase.java:206)
	at com.zaxxer.hikari.pool.HikariPool.createPoolEntry(HikariPool.java:477)
	at com.zaxxer.hikari.pool.HikariPool.checkFailFast(HikariPool.java:560)
	at com.zaxxer.hikari.pool.HikariPool.<init>(HikariPool.java:115)
	at com.zaxxer.hikari.HikariDataSource.getConnection(HikariDataSource.java:112)
	at org.hibernate.engine.jdbc.connections.internal.DatasourceConnectionProviderImpl.getConnection(DatasourceConnectionProviderImpl.java:122)
	at org.hibernate.engine.jdbc.env.internal.JdbcEnvironmentInitiator$ConnectionProviderJdbcConnectionAccess.obtainConnection(JdbcEnvironmentInitiator.java:180)
	at org.hibernate.engine.jdbc.env.internal.JdbcEnvironmentInitiator.initiateService(JdbcEnvironmentInitiator.java:68)
	at org.hibernate.engine.jdbc.env.internal.JdbcEnvironmentInitiator.initiateService(JdbcEnvironmentInitiator.java:35)
	at org.hibernate.boot.registry.internal.StandardServiceRegistryImpl.initiateService(StandardServiceRegistryImpl.java:101)
	at org.hibernate.service.internal.AbstractServiceRegistryImpl.createService(AbstractServiceRegistryImpl.java:263)
	at org.hibernate.service.internal.AbstractServiceRegistryImpl.initializeService(AbstractServiceRegistryImpl.java:237)
	at org.hibernate.service.internal.AbstractServiceRegistryImpl.getService(AbstractServiceRegistryImpl.java:214)
	at org.hibernate.id.factory.internal.DefaultIdentifierGeneratorFactory.injectServices(DefaultIdentifierGeneratorFactory.java:152)
	at org.hibernate.service.internal.AbstractServiceRegistryImpl.injectDependencies(AbstractServiceRegistryImpl.java:286)
	at org.hibernate.service.internal.AbstractServiceRegistryImpl.initializeService(AbstractServiceRegistryImpl.java:243)
	at org.hibernate.service.internal.AbstractServiceRegistryImpl.getService(AbstractServiceRegistryImpl.java:214)
	at org.hibernate.boot.internal.InFlightMetadataCollectorImpl.<init>(InFlightMetadataCollectorImpl.java:176)
	at org.hibernate.boot.model.process.spi.MetadataBuildingProcess.complete(MetadataBuildingProcess.java:118)
	at org.hibernate.jpa.boot.internal.EntityManagerFactoryBuilderImpl.metadata(EntityManagerFactoryBuilderImpl.java:1224)
	at org.hibernate.jpa.boot.internal.EntityManagerFactoryBuilderImpl.build(EntityManagerFactoryBuilderImpl.java:1255)
	at org.springframework.orm.jpa.vendor.SpringHibernateJpaPersistenceProvider.createContainerEntityManagerFactory(SpringHibernateJpaPersistenceProvider.java:58)
	at org.springframework.orm.jpa.LocalContainerEntityManagerFactoryBean.createNativeEntityManagerFactory(LocalContainerEntityManagerFactoryBean.java:365)
	at org.springframework.orm.jpa.AbstractEntityManagerFactoryBean.buildNativeEntityManagerFactory(AbstractEntityManagerFactoryBean.java:391)
	at java.util.concurrent.FutureTask.run(FutureTask.java:266)
	at java.util.concurrent.ThreadPoolExecutor.runWorker(ThreadPoolExecutor.java:1149)
	at java.util.concurrent.ThreadPoolExecutor$Worker.run(ThreadPoolExecutor.java:624)
	at java.lang.Thread.run(Thread.java:748)
Caused by: java.lang.IllegalStateException: Unable to read the page at position 1437061697524800 [1.4.200/6]
	at org.h2.mvstore.DataUtils.newIllegalStateException(DataUtils.java:950)
	at org.h2.mvstore.MVStore.readPage(MVStore.java:2213)
	at org.h2.mvstore.MVMap.readPage(MVMap.java:672)
	at org.h2.mvstore.MVMap.readOrCreateRootPage(MVMap.java:688)
	at org.h2.mvstore.MVMap.setRootPos(MVMap.java:682)
	at org.h2.mvstore.MVStore.openMap(MVStore.java:576)
	at org.h2.mvstore.MVStore.openMap(MVStore.java:535)
	at org.h2.mvstore.MVStore.openMap(MVStore.java:516)
	at org.h2.mvstore.MVStore.removeMap(MVStore.java:2742)
	at org.h2.engine.Database.handleUpgradeIssues(Database.java:866)
	at org.h2.engine.Database.open(Database.java:742)
	at org.h2.engine.Database.openDatabase(Database.java:307)
	... 40 more
Caused by: java.lang.IllegalStateException: Unsupported type 17 [1.4.200/3]
	at org.h2.mvstore.DataUtils.newIllegalStateException(DataUtils.java:950)
	at org.h2.mvstore.type.ObjectDataType.newType(ObjectDataType.java:165)
	at org.h2.mvstore.type.ObjectDataType.read(ObjectDataType.java:229)
	at org.h2.mvstore.type.ObjectDataType.read(ObjectDataType.java:114)
	at org.h2.mvstore.Page.read(Page.java:605)
	at org.h2.mvstore.Page.read(Page.java:239)
	at org.h2.mvstore.MVStore.readPage(MVStore.java:2211)
	... 50 more
2020-09-28 16:30:09,832 [RMI TCP Connection(2)-127.0.0.1] ERROR org.hibernate.engine.jdbc.spi.SqlExceptionHelper - Database is already closed (to disable automatic closing at VM shutdown, add ";DB_CLOSE_ON_EXIT=FALSE" to the db URL) [90121-177]
2020-09-28 16:30:09,840 [RMI TCP Connection(2)-127.0.0.1] ERROR org.hibernate.engine.jdbc.spi.SqlExceptionHelper - Database is already closed (to disable automatic closing at VM shutdown, add ";DB_CLOSE_ON_EXIT=FALSE" to the db URL) [90121-177]
